<?xml version="1.0" encoding="UTF-8"?>
<!-- Generated by org.testng.reporters.JUnitReportReporter -->
<testsuite hostname="IND-CHN-LT12444" failures="0" tests="4" name="RA.CRUD_BDD" time="4.170" errors="0" timestamp="2022-10-28T11:32:46 IST" skipped="3">
  <testcase classname="RA.CRUD_BDD" name="deleteMethod" time="4.170"/>
  <system-out/>
  <testcase classname="RA.CRUD_BDD" name="postMethod">
    <skipped/>
  </testcase> <!-- postMethod -->
  <system-out/>
  <testcase classname="RA.CRUD_BDD" name="getMethod">
    <skipped/>
  </testcase> <!-- getMethod -->
  <system-out/>
  <testcase classname="RA.CRUD_BDD" name="putMethod">
    <skipped/>
  </testcase> <!-- putMethod -->
  <system-out/>
</testsuite> <!-- RA.CRUD_BDD -->
