<?xml version="1.0" encoding="UTF-8"?>
<!-- Generated by org.testng.reporters.JUnitReportReporter -->
<testsuite hostname="IND-CHN-LT12444" failures="0" tests="4" name="RA.CRUDnonBDD" time="5.329" errors="0" timestamp="2022-10-28T10:31:48 IST" skipped="3">
  <testcase classname="RA.CRUDnonBDD" name="deleteMethod" time="5.329"/>
  <system-out/>
  <testcase classname="RA.CRUDnonBDD" name="getMethod">
    <skipped/>
  </testcase> <!-- getMethod -->
  <system-out/>
  <testcase classname="RA.CRUDnonBDD" name="putMethod">
    <skipped/>
  </testcase> <!-- putMethod -->
  <system-out/>
  <testcase classname="RA.CRUDnonBDD" name="postMethod">
    <skipped/>
  </testcase> <!-- postMethod -->
  <system-out/>
</testsuite> <!-- RA.CRUDnonBDD -->
