<?xml version="1.0" encoding="UTF-8"?>
<!-- Generated by org.testng.reporters.JUnitReportReporter -->
<testsuite hostname="IND-CHN-LT12444" failures="0" tests="4" name="stepbystep.dbstep" time="2.326" errors="0" timestamp="2022-11-03T16:24:19 IST" skipped="3">
  <testcase classname="stepbystep.dbstep" name="dbpatch" time="2.326"/>
  <system-out/>
  <testcase classname="stepbystep.dbstep" name="dbget">
    <skipped/>
  </testcase> <!-- dbget -->
  <system-out/>
  <testcase classname="stepbystep.dbstep" name="dbpost">
    <skipped/>
  </testcase> <!-- dbpost -->
  <system-out/>
  <testcase classname="stepbystep.dbstep" name="dbput">
    <skipped/>
  </testcase> <!-- dbput -->
  <system-out/>
</testsuite> <!-- stepbystep.dbstep -->
