<?xml version="1.0" encoding="UTF-8"?>
<!-- Generated by org.testng.reporters.JUnitReportReporter -->
<testsuite hostname="IND-CHN-LT12444" failures="0" tests="5" name="stepbystep.stepbystepautomation" time="3.281" errors="0" timestamp="2022-11-03T12:32:28 IST" skipped="4">
  <testcase classname="stepbystep.stepbystepautomation" name="testdelete" time="3.281"/>
  <system-out/>
  <testcase classname="stepbystep.stepbystepautomation" name="testpatch">
    <skipped/>
  </testcase> <!-- testpatch -->
  <system-out/>
  <testcase classname="stepbystep.stepbystepautomation" name="testput">
    <skipped/>
  </testcase> <!-- testput -->
  <system-out/>
  <testcase classname="stepbystep.stepbystepautomation" name="testget">
    <skipped/>
  </testcase> <!-- testget -->
  <system-out/>
  <testcase classname="stepbystep.stepbystepautomation" name="testpost">
    <skipped/>
  </testcase> <!-- testpost -->
  <system-out/>
</testsuite> <!-- stepbystep.stepbystepautomation -->
